<?xml version="1.0" encoding="UTF-8"?>
<!-- Generated by org.testng.reporters.JUnitXMLReporter -->
<testsuite ignored="0" hostname="Sandy-Desktop" failures="1" tests="1" name="Chrome Test" time="25.238" errors="0" timestamp="2024-09-18T21:32:18 WIB">
  <testcase classname="com.goibibo.flightsbooking.GoibiboPOMFramework" name="testWithFactoryPage" time="21.714">
    <failure type="org.openqa.selenium.ElementClickInterceptedException" message="element click intercepted: Element &amp;lt;div class=&amp;quot;sc-12foipm-2 eTBlJr fswFld &amp;quot; style=&amp;quot;width: 142px;&amp;quot;&amp;gt;...&amp;lt;/div&amp;gt; is not clickable at point (999, 260). Other element would receive the click: &amp;lt;input type=&amp;quot;text&amp;quot; value=&amp;quot;&amp;quot;&amp;gt;
  (Session info: chrome=128.0.6613.138)
Build info: version: &amp;apos;4.24.0&amp;apos;, revision: &amp;apos;748ffc9bc3&amp;apos;
System info: os.name: &amp;apos;Windows 10&amp;apos;, os.arch: &amp;apos;amd64&amp;apos;, os.version: &amp;apos;10.0&amp;apos;, java.version: &amp;apos;21.0.4&amp;apos;
Driver info: org.openqa.selenium.remote.RemoteWebDriver
Command: [9115988de3aa192d6e134ec47929ef50, clickElement {id=f.7628CCA4EC787FA632FEEF9483F4DE0E.d.103524328E9564CA824753BB4B8E0A9E.e.99}]
Capabilities {acceptInsecureCerts: false, browserName: chrome, browserVersion: 128.0.6613.138, chrome: {chromedriverVersion: 128.0.6613.137 (fe621c5aa2d..., userDataDir: C:\Windows\SystemTemp\scope...}, fedcm:accounts: true, goog:chromeOptions: {debuggerAddress: localhost:59747}, networkConnectionEnabled: false, pageLoadStrategy: normal, platformName: Windows 10, proxy: Proxy(), se:bidiEnabled: false, se:cdp: ws://192.168.56.1:4444/sess..., se:cdpVersion: 128.0.6613.138, setWindowRect: true, strictFileInteractability: false, timeouts: {implicit: 0, pageLoad: 300000, script: 30000}, unhandledPromptBehavior: dismiss and notify, webauthn:extension:credBlob: true, webauthn:extension:largeBlob: true, webauthn:extension:minPinLength: true, webauthn:extension:prf: true, webauthn:virtualAuthenticators: true}
Element: [[RemoteWebDriver: chrome on Windows 10 (9115988de3aa192d6e134ec47929ef50)] -&amp;gt; xpath: (//div[@class=&amp;apos;sc-12foipm-2 eTBlJr fswFld &amp;apos;])[3]]
Session ID: 9115988de3aa192d6e134ec47929ef50">
      <![CDATA[org.openqa.selenium.ElementClickInterceptedException: element click intercepted: Element <div class="sc-12foipm-2 eTBlJr fswFld " style="width: 142px;">...</div> is not clickable at point (999, 260). Other element would receive the click: <input type="text" value="">
  (Session info: chrome=128.0.6613.138)
Build info: version: '4.24.0', revision: '748ffc9bc3'
System info: os.name: 'Windows 10', os.arch: 'amd64', os.version: '10.0', java.version: '21.0.4'
Driver info: org.openqa.selenium.remote.RemoteWebDriver
Command: [9115988de3aa192d6e134ec47929ef50, clickElement {id=f.7628CCA4EC787FA632FEEF9483F4DE0E.d.103524328E9564CA824753BB4B8E0A9E.e.99}]
Capabilities {acceptInsecureCerts: false, browserName: chrome, browserVersion: 128.0.6613.138, chrome: {chromedriverVersion: 128.0.6613.137 (fe621c5aa2d..., userDataDir: C:\Windows\SystemTemp\scope...}, fedcm:accounts: true, goog:chromeOptions: {debuggerAddress: localhost:59747}, networkConnectionEnabled: false, pageLoadStrategy: normal, platformName: Windows 10, proxy: Proxy(), se:bidiEnabled: false, se:cdp: ws://192.168.56.1:4444/sess..., se:cdpVersion: 128.0.6613.138, setWindowRect: true, strictFileInteractability: false, timeouts: {implicit: 0, pageLoad: 300000, script: 30000}, unhandledPromptBehavior: dismiss and notify, webauthn:extension:credBlob: true, webauthn:extension:largeBlob: true, webauthn:extension:minPinLength: true, webauthn:extension:prf: true, webauthn:virtualAuthenticators: true}
Element: [[RemoteWebDriver: chrome on Windows 10 (9115988de3aa192d6e134ec47929ef50)] -> xpath: (//div[@class='sc-12foipm-2 eTBlJr fswFld '])[3]]
Session ID: 9115988de3aa192d6e134ec47929ef50
at org.openqa.selenium.remote.ErrorCodec.decode(ErrorCodec.java:167)
at org.openqa.selenium.remote.codec.w3c.W3CHttpResponseCodec.decode(W3CHttpResponseCodec.java:138)
at org.openqa.selenium.remote.codec.w3c.W3CHttpResponseCodec.decode(W3CHttpResponseCodec.java:50)
at org.openqa.selenium.remote.HttpCommandExecutor.execute(HttpCommandExecutor.java:190)
at org.openqa.selenium.remote.TracedCommandExecutor.execute(TracedCommandExecutor.java:53)
at org.openqa.selenium.remote.RemoteWebDriver.execute(RemoteWebDriver.java:545)
at org.openqa.selenium.remote.RemoteWebElement.execute(RemoteWebElement.java:223)
at org.openqa.selenium.remote.RemoteWebElement.click(RemoteWebElement.java:76)
at org.openqa.selenium.support.pagefactory.internal.LocatingElementHandler.invoke(LocatingElementHandler.java:51)
at jdk.proxy2/jdk.proxy2.$Proxy30.click(Unknown Source)
at com.goibibo.flightsbooking.GoibiboHomeFactory.clickFlightDeparture(GoibiboHomeFactory.java:121)
at com.goibibo.flightsbooking.GoibiboPOMFramework.testWithFactoryPage(GoibiboPOMFramework.java:17)
at java.base/java.util.ArrayList.forEach(ArrayList.java:1596)
... Removed 34 stack frames]]>
    </failure>
  </testcase> <!-- testWithFactoryPage -->
</testsuite> <!-- Chrome Test -->
