<?xml version="1.0" encoding="UTF-8"?>
<testng-results ignored="0" total="2" passed="2" failed="0" skipped="0">
  <reporter-output>
  </reporter-output>
  <suite started-at="2024-09-25T16:51:51 WIB" name="Goibibo-Flight TestSuite" finished-at="2024-09-25T16:52:14 WIB" duration-ms="22817">
    <groups>
    </groups>
    <test started-at="2024-09-25T16:51:51 WIB" name="Chrome Test" finished-at="2024-09-25T16:51:58 WIB" duration-ms="6639">
      <class name="com.goibibo.flightsbooking.GoibiboPOMFramework">
        <test-method is-config="true" signature="setUp(java.lang.String,java.lang.String,java.lang.String)[pri:0, instance:com.goibibo.flightsbooking.GoibiboPOMFramework@64bce832]" started-at="2024-09-25T16:51:51 WIB" name="setUp" finished-at="2024-09-25T16:51:55 WIB" duration-ms="3251" status="PASS">
          <params>
            <param index="0">
              <value>
                <![CDATA[Windows 10]]>
              </value>
            </param>
            <param index="1">
              <value>
                <![CDATA[chrome]]>
              </value>
            </param>
            <param index="2">
              <value>
                <![CDATA[https://www.goibibo.com/]]>
              </value>
            </param>
          </params>
          <reporter-output>
          </reporter-output>
        </test-method> <!-- setUp -->
        <test-method signature="testGoibiboFlightTab(java.lang.String,java.lang.String,java.lang.String,java.lang.String,java.lang.String,java.lang.String,java.lang.String,java.lang.String,java.lang.String)[pri:0, instance:com.goibibo.flightsbooking.GoibiboPOMFramework@64bce832]" started-at="2024-09-25T16:51:55 WIB" name="testGoibiboFlightTab" data-provider="flightData" finished-at="2024-09-25T16:51:58 WIB" duration-ms="3270" status="PASS">
          <params>
            <param index="0">
              <value>
                <![CDATA[Jakarta]]>
              </value>
            </param>
            <param index="1">
              <value>
                <![CDATA[CGK]]>
              </value>
            </param>
            <param index="2">
              <value>
                <![CDATA[Denpasar]]>
              </value>
            </param>
            <param index="3">
              <value>
                <![CDATA[DPS]]>
              </value>
            </param>
            <param index="4">
              <value>
                <![CDATA[October]]>
              </value>
            </param>
            <param index="5">
              <value>
                <![CDATA[10]]>
              </value>
            </param>
            <param index="6">
              <value>
                <![CDATA[November]]>
              </value>
            </param>
            <param index="7">
              <value>
                <![CDATA[25]]>
              </value>
            </param>
            <param index="8">
              <value>
                <![CDATA[Business]]>
              </value>
            </param>
          </params>
          <reporter-output>
          </reporter-output>
        </test-method> <!-- testGoibiboFlightTab -->
        <test-method is-config="true" signature="afterMethod(org.testng.ITestResult,java.lang.reflect.Method)[pri:0, instance:com.goibibo.flightsbooking.GoibiboPOMFramework@64bce832]" started-at="2024-09-25T16:51:58 WIB" name="afterMethod" finished-at="2024-09-25T16:51:58 WIB" duration-ms="1" status="PASS">
          <params>
            <param index="0">
              <value>
                <![CDATA[[TestResult name=testGoibiboFlightTab status=SUCCESS method=GoibiboPOMFramework.testGoibiboFlightTab(java.lang.String,java.lang.String,java.lang.String,java.lang.String,java.lang.String,java.lang.String,java.lang.String,java.lang.String,java.lang.String)[pri:0, instance:com.goibibo.flightsbooking.GoibiboPOMFramework@64bce832] output={null}]]]>
              </value>
            </param>
            <param index="1">
              <value>
                <![CDATA[public void com.goibibo.flightsbooking.GoibiboPOMFramework.testGoibiboFlightTab(java.lang.String,java.lang.String,java.lang.String,java.lang.String,java.lang.String,java.lang.String,java.lang.String,java.lang.String,java.lang.String) throws java.lang.InterruptedException]]>
              </value>
            </param>
          </params>
          <reporter-output>
          </reporter-output>
        </test-method> <!-- afterMethod -->
        <test-method is-config="true" signature="afterClass()[pri:0, instance:com.goibibo.flightsbooking.GoibiboPOMFramework@64bce832]" started-at="2024-09-25T16:51:58 WIB" name="afterClass" finished-at="2024-09-25T16:51:58 WIB" duration-ms="84" status="PASS">
          <reporter-output>
          </reporter-output>
        </test-method> <!-- afterClass -->
      </class> <!-- com.goibibo.flightsbooking.GoibiboPOMFramework -->
    </test> <!-- Chrome Test -->
    <test started-at="2024-09-25T16:51:58 WIB" name="Firefox Test" finished-at="2024-09-25T16:52:14 WIB" duration-ms="16163">
      <class name="com.goibibo.flightsbooking.GoibiboPOMFramework">
        <test-method is-config="true" signature="startReporter()[pri:0, instance:com.goibibo.flightsbooking.GoibiboPOMFramework@3ad2e17]" started-at="2024-09-25T16:51:51 WIB" name="startReporter" finished-at="2024-09-25T16:51:51 WIB" duration-ms="119" status="PASS">
          <reporter-output>
          </reporter-output>
        </test-method> <!-- startReporter -->
        <test-method is-config="true" signature="setUp(java.lang.String,java.lang.String,java.lang.String)[pri:0, instance:com.goibibo.flightsbooking.GoibiboPOMFramework@3ad2e17]" started-at="2024-09-25T16:51:58 WIB" name="setUp" finished-at="2024-09-25T16:52:07 WIB" duration-ms="8976" status="PASS">
          <params>
            <param index="0">
              <value>
                <![CDATA[Windows 10]]>
              </value>
            </param>
            <param index="1">
              <value>
                <![CDATA[firefox]]>
              </value>
            </param>
            <param index="2">
              <value>
                <![CDATA[https://www.goibibo.com/]]>
              </value>
            </param>
          </params>
          <reporter-output>
          </reporter-output>
        </test-method> <!-- setUp -->
        <test-method signature="testGoibiboFlightTab(java.lang.String,java.lang.String,java.lang.String,java.lang.String,java.lang.String,java.lang.String,java.lang.String,java.lang.String,java.lang.String)[pri:0, instance:com.goibibo.flightsbooking.GoibiboPOMFramework@3ad2e17]" started-at="2024-09-25T16:52:07 WIB" name="testGoibiboFlightTab" data-provider="flightData" finished-at="2024-09-25T16:52:14 WIB" duration-ms="6587" status="PASS">
          <params>
            <param index="0">
              <value>
                <![CDATA[Jakarta]]>
              </value>
            </param>
            <param index="1">
              <value>
                <![CDATA[CGK]]>
              </value>
            </param>
            <param index="2">
              <value>
                <![CDATA[Denpasar]]>
              </value>
            </param>
            <param index="3">
              <value>
                <![CDATA[DPS]]>
              </value>
            </param>
            <param index="4">
              <value>
                <![CDATA[October]]>
              </value>
            </param>
            <param index="5">
              <value>
                <![CDATA[10]]>
              </value>
            </param>
            <param index="6">
              <value>
                <![CDATA[November]]>
              </value>
            </param>
            <param index="7">
              <value>
                <![CDATA[25]]>
              </value>
            </param>
            <param index="8">
              <value>
                <![CDATA[Business]]>
              </value>
            </param>
          </params>
          <reporter-output>
          </reporter-output>
        </test-method> <!-- testGoibiboFlightTab -->
        <test-method is-config="true" signature="afterMethod(org.testng.ITestResult,java.lang.reflect.Method)[pri:0, instance:com.goibibo.flightsbooking.GoibiboPOMFramework@3ad2e17]" started-at="2024-09-25T16:52:14 WIB" name="afterMethod" finished-at="2024-09-25T16:52:14 WIB" duration-ms="0" status="PASS">
          <params>
            <param index="0">
              <value>
                <![CDATA[[TestResult name=testGoibiboFlightTab status=SUCCESS method=GoibiboPOMFramework.testGoibiboFlightTab(java.lang.String,java.lang.String,java.lang.String,java.lang.String,java.lang.String,java.lang.String,java.lang.String,java.lang.String,java.lang.String)[pri:0, instance:com.goibibo.flightsbooking.GoibiboPOMFramework@3ad2e17] output={null}]]]>
              </value>
            </param>
            <param index="1">
              <value>
                <![CDATA[public void com.goibibo.flightsbooking.GoibiboPOMFramework.testGoibiboFlightTab(java.lang.String,java.lang.String,java.lang.String,java.lang.String,java.lang.String,java.lang.String,java.lang.String,java.lang.String,java.lang.String) throws java.lang.InterruptedException]]>
              </value>
            </param>
          </params>
          <reporter-output>
          </reporter-output>
        </test-method> <!-- afterMethod -->
        <test-method is-config="true" signature="afterClass()[pri:0, instance:com.goibibo.flightsbooking.GoibiboPOMFramework@3ad2e17]" started-at="2024-09-25T16:52:14 WIB" name="afterClass" finished-at="2024-09-25T16:52:14 WIB" duration-ms="595" status="PASS">
          <reporter-output>
          </reporter-output>
        </test-method> <!-- afterClass -->
        <test-method is-config="true" signature="tearDown()[pri:0, instance:com.goibibo.flightsbooking.GoibiboPOMFramework@3ad2e17]" started-at="2024-09-25T16:52:14 WIB" name="tearDown" finished-at="2024-09-25T16:52:14 WIB" duration-ms="180" status="PASS">
          <reporter-output>
          </reporter-output>
        </test-method> <!-- tearDown -->
      </class> <!-- com.goibibo.flightsbooking.GoibiboPOMFramework -->
    </test> <!-- Firefox Test -->
  </suite> <!-- Goibibo-Flight TestSuite -->
</testng-results>
