<?xml version="1.0" encoding="UTF-8"?>
<testng-results ignored="0" total="2" passed="2" failed="0" skipped="0">
  <reporter-output>
  </reporter-output>
  <suite started-at="2024-09-18T20:54:58 WIB" name="Goibibo-Flight TestSuite" finished-at="2024-09-18T20:55:16 WIB" duration-ms="18038">
    <groups>
    </groups>
    <test started-at="2024-09-18T20:54:58 WIB" name="Chrome Test" finished-at="2024-09-18T20:55:04 WIB" duration-ms="5404">
      <class name="com.goibibo.flightsbooking.GoibiboPOMFramework">
        <test-method is-config="true" signature="setUp(java.lang.String,java.lang.String,java.lang.String)[pri:0, instance:com.goibibo.flightsbooking.GoibiboPOMFramework@1603cd68]" started-at="2024-09-18T20:54:58 WIB" name="setUp" finished-at="2024-09-18T20:55:01 WIB" duration-ms="2566" status="PASS">
          <params>
            <param index="0">
              <value>
                <![CDATA[Windows 10]]>
              </value>
            </param>
            <param index="1">
              <value>
                <![CDATA[chrome]]>
              </value>
            </param>
            <param index="2">
              <value>
                <![CDATA[https://www.goibibo.com/]]>
              </value>
            </param>
          </params>
          <reporter-output>
          </reporter-output>
        </test-method> <!-- setUp -->
        <test-method signature="testWithFactoryPage()[pri:0, instance:com.goibibo.flightsbooking.GoibiboPOMFramework@1603cd68]" started-at="2024-09-18T20:55:01 WIB" name="testWithFactoryPage" finished-at="2024-09-18T20:55:04 WIB" duration-ms="2739" status="PASS">
          <reporter-output>
          </reporter-output>
        </test-method> <!-- testWithFactoryPage -->
        <test-method is-config="true" signature="afterMethod(org.testng.ITestResult)[pri:0, instance:com.goibibo.flightsbooking.GoibiboPOMFramework@1603cd68]" started-at="2024-09-18T20:55:04 WIB" name="afterMethod" finished-at="2024-09-18T20:55:04 WIB" duration-ms="1" status="PASS">
          <params>
            <param index="0">
              <value>
                <![CDATA[[TestResult name=testWithFactoryPage status=SUCCESS method=GoibiboPOMFramework.testWithFactoryPage()[pri:0, instance:com.goibibo.flightsbooking.GoibiboPOMFramework@1603cd68] output={null}]]]>
              </value>
            </param>
          </params>
          <reporter-output>
          </reporter-output>
        </test-method> <!-- afterMethod -->
        <test-method is-config="true" signature="afterClass()[pri:0, instance:com.goibibo.flightsbooking.GoibiboPOMFramework@1603cd68]" started-at="2024-09-18T20:55:04 WIB" name="afterClass" finished-at="2024-09-18T20:55:04 WIB" duration-ms="79" status="PASS">
          <reporter-output>
          </reporter-output>
        </test-method> <!-- afterClass -->
      </class> <!-- com.goibibo.flightsbooking.GoibiboPOMFramework -->
    </test> <!-- Chrome Test -->
    <test started-at="2024-09-18T20:55:04 WIB" name="Firefox Test" finished-at="2024-09-18T20:55:16 WIB" duration-ms="12616">
      <class name="com.goibibo.flightsbooking.GoibiboPOMFramework">
        <test-method is-config="true" signature="startReporter()[pri:0, instance:com.goibibo.flightsbooking.GoibiboPOMFramework@4b40f651]" started-at="2024-09-18T20:54:58 WIB" name="startReporter" finished-at="2024-09-18T20:54:58 WIB" duration-ms="123" status="PASS">
          <reporter-output>
          </reporter-output>
        </test-method> <!-- startReporter -->
        <test-method is-config="true" signature="setUp(java.lang.String,java.lang.String,java.lang.String)[pri:0, instance:com.goibibo.flightsbooking.GoibiboPOMFramework@4b40f651]" started-at="2024-09-18T20:55:04 WIB" name="setUp" finished-at="2024-09-18T20:55:08 WIB" duration-ms="4429" status="PASS">
          <params>
            <param index="0">
              <value>
                <![CDATA[Windows 10]]>
              </value>
            </param>
            <param index="1">
              <value>
                <![CDATA[firefox]]>
              </value>
            </param>
            <param index="2">
              <value>
                <![CDATA[https://www.goibibo.com/]]>
              </value>
            </param>
          </params>
          <reporter-output>
          </reporter-output>
        </test-method> <!-- setUp -->
        <test-method signature="testWithFactoryPage()[pri:0, instance:com.goibibo.flightsbooking.GoibiboPOMFramework@4b40f651]" started-at="2024-09-18T20:55:08 WIB" name="testWithFactoryPage" finished-at="2024-09-18T20:55:16 WIB" duration-ms="7539" status="PASS">
          <reporter-output>
          </reporter-output>
        </test-method> <!-- testWithFactoryPage -->
        <test-method is-config="true" signature="afterMethod(org.testng.ITestResult)[pri:0, instance:com.goibibo.flightsbooking.GoibiboPOMFramework@4b40f651]" started-at="2024-09-18T20:55:16 WIB" name="afterMethod" finished-at="2024-09-18T20:55:16 WIB" duration-ms="1" status="PASS">
          <params>
            <param index="0">
              <value>
                <![CDATA[[TestResult name=testWithFactoryPage status=SUCCESS method=GoibiboPOMFramework.testWithFactoryPage()[pri:0, instance:com.goibibo.flightsbooking.GoibiboPOMFramework@4b40f651] output={null}]]]>
              </value>
            </param>
          </params>
          <reporter-output>
          </reporter-output>
        </test-method> <!-- afterMethod -->
        <test-method is-config="true" signature="afterClass()[pri:0, instance:com.goibibo.flightsbooking.GoibiboPOMFramework@4b40f651]" started-at="2024-09-18T20:55:16 WIB" name="afterClass" finished-at="2024-09-18T20:55:16 WIB" duration-ms="646" status="PASS">
          <reporter-output>
          </reporter-output>
        </test-method> <!-- afterClass -->
        <test-method is-config="true" signature="tearDown()[pri:0, instance:com.goibibo.flightsbooking.GoibiboPOMFramework@4b40f651]" started-at="2024-09-18T20:55:16 WIB" name="tearDown" finished-at="2024-09-18T20:55:16 WIB" duration-ms="199" status="PASS">
          <reporter-output>
          </reporter-output>
        </test-method> <!-- tearDown -->
      </class> <!-- com.goibibo.flightsbooking.GoibiboPOMFramework -->
    </test> <!-- Firefox Test -->
  </suite> <!-- Goibibo-Flight TestSuite -->
</testng-results>
