<?xml version="1.0" encoding="UTF-8"?>
<testng-results ignored="0" total="1" passed="1" failed="0" skipped="0">
  <reporter-output>
  </reporter-output>
  <suite started-at="2024-09-20T15:30:58 WIB" name="Default suite" finished-at="2024-09-20T15:31:04 WIB" duration-ms="6076">
    <groups>
    </groups>
    <test started-at="2024-09-20T15:30:58 WIB" name="Default test" finished-at="2024-09-20T15:31:04 WIB" duration-ms="6076">
      <class name="com.goibibo.flightsbooking.GoibiboPOM">
        <test-method is-config="true" signature="startReporter()[pri:0, instance:com.goibibo.flightsbooking.GoibiboPOM@53f48368]" started-at="2024-09-20T15:30:58 WIB" name="startReporter" finished-at="2024-09-20T15:30:58 WIB" duration-ms="129" status="PASS">
          <reporter-output>
          </reporter-output>
        </test-method> <!-- startReporter -->
        <test-method is-config="true" signature="setUp()[pri:0, instance:com.goibibo.flightsbooking.GoibiboPOM@53f48368]" started-at="2024-09-20T15:30:58 WIB" name="setUp" finished-at="2024-09-20T15:31:02 WIB" duration-ms="3759" status="PASS">
          <reporter-output>
          </reporter-output>
        </test-method> <!-- setUp -->
        <test-method signature="testGoibiboFlightTab()[pri:0, instance:com.goibibo.flightsbooking.GoibiboPOM@53f48368]" started-at="2024-09-20T15:31:02 WIB" name="testGoibiboFlightTab" finished-at="2024-09-20T15:31:04 WIB" duration-ms="2206" status="PASS">
          <reporter-output>
          </reporter-output>
        </test-method> <!-- testGoibiboFlightTab -->
        <test-method is-config="true" signature="afterMethod(org.testng.ITestResult,java.lang.reflect.Method)[pri:0, instance:com.goibibo.flightsbooking.GoibiboPOM@53f48368]" started-at="2024-09-20T15:31:04 WIB" name="afterMethod" finished-at="2024-09-20T15:31:04 WIB" duration-ms="3" status="PASS">
          <params>
            <param index="0">
              <value>
                <![CDATA[[TestResult name=testGoibiboFlightTab status=SUCCESS method=GoibiboPOM.testGoibiboFlightTab()[pri:0, instance:com.goibibo.flightsbooking.GoibiboPOM@53f48368] output={null}]]]>
              </value>
            </param>
            <param index="1">
              <value>
                <![CDATA[public void com.goibibo.flightsbooking.GoibiboPOM.testGoibiboFlightTab() throws java.lang.InterruptedException]]>
              </value>
            </param>
          </params>
          <reporter-output>
          </reporter-output>
        </test-method> <!-- afterMethod -->
        <test-method is-config="true" signature="afterClass()[pri:0, instance:com.goibibo.flightsbooking.GoibiboPOM@53f48368]" started-at="2024-09-20T15:31:04 WIB" name="afterClass" finished-at="2024-09-20T15:31:04 WIB" duration-ms="84" status="PASS">
          <reporter-output>
          </reporter-output>
        </test-method> <!-- afterClass -->
        <test-method is-config="true" signature="tearDown()[pri:0, instance:com.goibibo.flightsbooking.GoibiboPOM@53f48368]" started-at="2024-09-20T15:31:04 WIB" name="tearDown" finished-at="2024-09-20T15:31:05 WIB" duration-ms="188" status="PASS">
          <reporter-output>
          </reporter-output>
        </test-method> <!-- tearDown -->
      </class> <!-- com.goibibo.flightsbooking.GoibiboPOM -->
    </test> <!-- Default test -->
  </suite> <!-- Default suite -->
</testng-results>
